2021-11-23 14:00:07 INFO  Test Started
2021-11-23 14:00:07 INFO  Opening the browser
2021-11-23 14:00:07 INFO  Loading Website of Bigsmall.in
2021-11-23 14:00:15 INFO  Search for some product inputting keys from keyboard in search bar
2021-11-23 14:00:15 INFO  Inputting 'pocket wa' and getting keyword from dropdown suggestions
2021-11-23 14:00:21 INFO  Navigated to search result page
2021-11-23 14:00:21 INFO  Selecting the product from search result page
2021-11-23 14:00:21 INFO  Product Selected and Navigated to Product details page
2021-11-23 14:00:28 INFO  Product name matched
2021-11-23 14:00:32 INFO  Test Started
2021-11-23 14:00:32 INFO  Opening the browser
2021-11-23 14:00:37 INFO  Loading Website of Bigsmall.in
2021-11-23 14:00:37 INFO  User Landed to Landing page
2021-11-23 14:00:37 INFO  Click on Signin Button from header
2021-11-23 14:00:41 INFO  Opening Signin Form
2021-11-23 14:00:41 INFO  Input email in username field
2021-11-23 14:00:42 INFO  Input password in password field
2021-11-23 14:00:42 INFO  Signing Inn with credentials
2021-11-23 14:00:47 INFO  SignedIn Sucessfull!!
2021-11-23 14:00:47 INFO  Browser Closed.
2021-11-23 14:00:47 INFO  Test Started
2021-11-23 14:00:47 INFO  Opening the browser
2021-11-23 14:00:52 INFO  Loading Website of Bigsmall.in
2021-11-23 14:00:52 INFO  Select Santa gift From navigation bar
2021-11-23 14:00:58 INFO  Result for Santa gift will be displayed
2021-11-23 14:01:04 INFO  Select the product
2021-11-23 14:01:04 INFO  Increment the quantity of product
2021-11-23 14:01:04 INFO  Quantity incremented from one to two
2021-11-23 14:01:04 INFO  Add this product to cart
2021-11-23 14:01:05 INFO  Product added to cart
2021-11-23 14:01:05 INFO  Test Started
2021-11-23 14:01:05 INFO  Opening the browser
2021-11-23 14:01:09 INFO  Loading Website of Bigsmall.in
2021-11-23 14:01:09 INFO  Hover mouse on Birthday gifts
2021-11-23 14:01:10 INFO  Getting Dropdown for Birthday Gifts for
2021-11-23 14:01:10 INFO  Select /'Return Birthday gift'/ from Suggested dropdown
2021-11-23 14:01:14 INFO  User will get results for /'Return Birthday gifts'/.
2021-11-23 14:01:14 INFO  Select the Gifting product
2021-11-23 14:01:19 INFO  Select variety of product
2021-11-23 14:01:20 INFO  Add selected product to cart
2021-11-23 14:01:21 INFO  Test Started
2021-11-23 14:01:21 INFO  Opening the browser
2021-11-23 14:01:25 INFO  Loading Website of Bigsmall.in
2021-11-23 14:01:25 INFO  Click New from Navigation bar
2021-11-23 14:01:30 INFO  Select the product
2021-11-23 14:01:35 INFO  On navigated Product details page
2021-11-23 14:01:35 INFO  Input the pincode for selected product
2021-11-23 14:01:35 INFO  Check the COD available for inputed pin code
2021-11-23 14:01:36 INFO  Check the COD available Message
2021-11-23 14:01:38 INFO  COD Available for inputed pin code
2021-11-23 14:01:39 INFO  Test Started
2021-11-23 14:01:39 INFO  Opening the browser
2021-11-23 14:01:43 INFO  Loading Website of Bigsmall.in
2021-11-23 14:01:43 INFO  Click New from Navigation bar
2021-11-23 14:01:49 INFO  Select the product
2021-11-23 14:01:53 INFO  On navigated Product details page
2021-11-23 14:01:53 INFO  Input the pincode for selected product
2021-11-23 14:01:54 INFO  Check the COD available for inputed pin code
2021-11-23 14:01:54 INFO  Check the COD available Message
2021-11-23 14:01:55 INFO  COD Unavailable for inputed pin code
2021-11-23 14:01:56 INFO  Test Started
2021-11-23 14:01:56 INFO  Opening the browser
2021-11-23 14:02:01 INFO  Loading Website of Bigsmall.in
2021-11-23 14:02:01 INFO  Click on 'All of it' from the navigation bar
2021-11-23 14:02:06 INFO  Select the Product from Search results
2021-11-23 14:02:12 INFO  Checking the functionality of logo, After clicking logo navigate to Home page
2021-11-23 14:02:12 INFO  Validating weather logo is visible or not
2021-11-23 14:02:12 INFO  Logo is Available on current page
2021-11-23 14:02:12 INFO  Click on Logo
2021-11-23 14:02:16 INFO  User navigated back to Homepage from Product Details page
2021-11-23 14:02:17 INFO  Test Started
2021-11-23 14:02:17 INFO  Opening the browser
2021-11-23 14:02:20 INFO  Loading Website of Bigsmall.in
2021-11-23 14:02:20 INFO  Select the gift from navigation bar.
2021-11-23 14:02:24 INFO  Popup will open for the gift card
2021-11-23 14:02:24 INFO  Select the amount for gift card
2021-11-23 14:02:25 INFO  Adding gift card to cart
2021-11-23 14:02:25 INFO  Test Started
2021-11-23 14:02:25 INFO  Opening the browser
2021-11-23 14:02:29 INFO  Loading Website of Bigsmall.in
2021-11-23 14:02:29 INFO  Select corporate gifts from navigation bar
2021-11-23 14:02:34 INFO  Form will Open for inquiry after navigation to Corporate Gifts
2021-11-23 14:02:34 INFO  Fill the form with respective fields
2021-11-23 14:02:34 INFO  Input Name
2021-11-23 14:02:34 INFO  Input email-id
2021-11-23 14:02:34 INFO  Input Phone number
2021-11-23 14:02:35 INFO  Input Message for inquiry
2021-11-23 14:02:36 INFO  Test Started
2021-11-23 14:02:36 INFO  Opening the browser
2021-11-23 14:02:40 INFO  Loading Website of Bigsmall.in
2021-11-23 14:02:40 INFO  Click on Top50 from navigation bar
2021-11-23 14:02:45 INFO  Choose the product from the result
2021-11-23 14:02:51 INFO  Add product to wishlist
2021-11-23 14:02:52 INFO  Product wishlisted
2021-11-23 14:02:52 INFO  Click on wishlist icon from header section
2021-11-23 14:02:57 INFO  Continue wishlist
2021-11-23 14:02:57 INFO  Move wishlisted product to cart
2021-11-23 14:02:58 INFO  Product wishlisted and moved to cart
2021-11-23 14:02:59 INFO  Browser Closed.
2021-11-26 01:01:04 INFO  Test Started
2021-11-26 01:01:04 INFO  Opening the browser
2021-11-26 01:01:04 INFO  Loading Website of Bigsmall.in
2021-11-26 01:01:09 INFO  Search for some product inputting keys from keyboard in search bar
2021-11-26 01:01:09 INFO  Inputting 'pocket wa' and getting keyword from dropdown suggestions
2021-11-26 01:01:12 INFO  Navigated to search result page
2021-11-26 01:01:12 INFO  Selecting the product from search result page
2021-11-26 01:01:12 INFO  Product Selected and Navigated to Product details page
2021-11-26 01:01:15 INFO  Product name matched
2021-11-26 01:01:17 INFO  Test Started
2021-11-26 01:01:17 INFO  Opening the browser
2021-11-26 01:01:21 INFO  Loading Website of Bigsmall.in
2021-11-26 01:01:21 INFO  User Landed to Landing page
2021-11-26 01:01:21 INFO  Click on Signin Button from header
2021-11-26 01:01:23 INFO  Opening Signin Form
2021-11-26 01:01:23 INFO  Input email in username field
2021-11-26 01:01:23 INFO  Input password in password field
2021-11-26 01:01:23 INFO  Signing Inn with credentials
2021-11-26 01:01:27 INFO  SignedIn Sucessfull!!
2021-11-26 01:01:27 INFO  Browser Closed.
2021-11-26 01:01:27 INFO  Test Started
2021-11-26 01:01:27 INFO  Opening the browser
2021-11-26 01:01:30 INFO  Loading Website of Bigsmall.in
2021-11-26 01:01:30 INFO  Select Santa gift From navigation bar
2021-11-26 01:01:33 INFO  Result for Santa gift will be displayed
2021-11-26 01:01:36 INFO  Select the product
2021-11-26 01:01:36 INFO  Increment the quantity of product
2021-11-26 01:01:37 INFO  Quantity incremented from one to two
2021-11-26 01:01:37 INFO  Add this product to cart
2021-11-26 01:01:37 INFO  Product added to cart
2021-11-26 01:01:37 INFO  Test Started
2021-11-26 01:01:37 INFO  Opening the browser
2021-11-26 01:01:39 INFO  Loading Website of Bigsmall.in
2021-11-26 01:01:39 INFO  Hover mouse on Birthday gifts
2021-11-26 01:01:40 INFO  Getting Dropdown for Birthday Gifts for
2021-11-26 01:01:40 INFO  Select /'Return Birthday gift'/ from Suggested dropdown
2021-11-26 01:01:43 INFO  User will get results for /'Return Birthday gifts'/.
2021-11-26 01:01:43 INFO  Select the Gifting product
2021-11-26 01:01:46 INFO  Select variety of product
2021-11-26 01:01:46 INFO  Add selected product to cart
2021-11-26 01:01:46 INFO  Test Started
2021-11-26 01:01:46 INFO  Opening the browser
2021-11-26 01:01:49 INFO  Loading Website of Bigsmall.in
2021-11-26 01:01:49 INFO  Click New from Navigation bar
2021-11-26 01:01:52 INFO  Select the product
2021-11-26 01:01:55 INFO  On navigated Product details page
2021-11-26 01:01:55 INFO  Input the pincode for selected product
2021-11-26 01:01:55 INFO  Check the COD available for inputed pin code
2021-11-26 01:01:55 INFO  Check the COD available Message
2021-11-26 01:01:57 INFO  COD Available for inputed pin code
2021-11-26 01:01:58 INFO  Test Started
2021-11-26 01:01:58 INFO  Opening the browser
2021-11-26 01:02:01 INFO  Loading Website of Bigsmall.in
2021-11-26 01:02:01 INFO  Click New from Navigation bar
2021-11-26 01:02:04 INFO  Select the product
2021-11-26 01:02:06 INFO  On navigated Product details page
2021-11-26 01:02:06 INFO  Input the pincode for selected product
2021-11-26 01:02:06 INFO  Check the COD available for inputed pin code
2021-11-26 01:02:07 INFO  Check the COD available Message
2021-11-26 01:02:07 INFO  COD Unavailable for inputed pin code
2021-11-26 01:02:08 INFO  Test Started
2021-11-26 01:02:08 INFO  Opening the browser
2021-11-26 01:02:10 INFO  Loading Website of Bigsmall.in
2021-11-26 01:02:10 INFO  Click on 'All of it' from the navigation bar
2021-11-26 01:02:10 INFO  Handling Multiple Windows
2021-11-26 01:02:10 INFO  Select the Product from Search results
2021-11-26 01:02:14 INFO  Checking the functionality of logo, After clicking logo navigate to Home page
2021-11-26 01:02:14 INFO  Validating weather logo is visible or not
2021-11-26 01:02:14 INFO  Logo is Available on current page
2021-11-26 01:02:14 INFO  Click on Logo
2021-11-26 01:02:17 INFO  User navigated back to Homepage from Product Details page
2021-11-26 01:02:17 INFO  Test Started
2021-11-26 01:02:17 INFO  Opening the browser
2021-11-26 01:02:21 INFO  Loading Website of Bigsmall.in
2021-11-26 01:02:21 INFO  Select the gift from navigation bar.
2021-11-26 01:02:24 INFO  Popup will open for the gift card
2021-11-26 01:02:24 INFO  Select the amount for gift card
2021-11-26 01:02:24 INFO  Adding gift card to cart
2021-11-26 01:02:24 INFO  Test Started
2021-11-26 01:02:24 INFO  Opening the browser
2021-11-26 01:02:27 INFO  Loading Website of Bigsmall.in
2021-11-26 01:02:27 INFO  Select corporate gifts from navigation bar
2021-11-26 01:02:31 INFO  Form will Open for inquiry after navigation to Corporate Gifts
2021-11-26 01:02:31 INFO  Fill the form with respective fields
2021-11-26 01:02:31 INFO  Input Name
2021-11-26 01:02:31 INFO  Input email-id
2021-11-26 01:02:31 INFO  Input Phone number
2021-11-26 01:02:31 INFO  Input Message for inquiry
2021-11-26 01:02:32 INFO  Test Started
2021-11-26 01:02:32 INFO  Opening the browser
2021-11-26 01:02:36 INFO  Loading Website of Bigsmall.in
2021-11-26 01:02:36 INFO  Click on Top50 from navigation bar
2021-11-26 01:02:39 INFO  Choose the product from the result
2021-11-26 01:02:44 INFO  Add product to wishlist
2021-11-26 01:02:44 INFO  Product wishlisted
2021-11-26 01:02:44 INFO  Click on wishlist icon from header section
2021-11-26 01:02:48 INFO  Continue wishlist
2021-11-26 01:02:48 INFO  Move wishlisted product to cart
2021-11-26 01:02:49 INFO  Product wishlisted and moved to cart
2021-11-26 01:02:49 INFO  Browser Closed.
2021-11-26 01:04:39 INFO  Test Started
2021-11-26 01:04:39 INFO  Opening the browser
2021-11-26 01:04:39 INFO  Loading Website of Bigsmall.in
2021-11-26 01:04:44 INFO  Search for some product inputting keys from keyboard in search bar
2021-11-26 01:04:44 INFO  Inputting 'pocket wa' and getting keyword from dropdown suggestions
2021-11-26 01:04:46 INFO  Navigated to search result page
2021-11-26 01:04:46 INFO  Selecting the product from search result page
2021-11-26 01:04:46 INFO  Product Selected and Navigated to Product details page
2021-11-26 01:04:49 INFO  Product name matched
2021-11-26 01:04:51 INFO  Test Started
2021-11-26 01:04:51 INFO  Opening the browser
2021-11-26 01:04:54 INFO  Loading Website of Bigsmall.in
2021-11-26 01:04:54 INFO  User Landed to Landing page
2021-11-26 01:04:54 INFO  Click on Signin Button from header
2021-11-26 01:04:56 INFO  Opening Signin Form
2021-11-26 01:04:56 INFO  Input email in username field
2021-11-26 01:04:56 INFO  Input password in password field
2021-11-26 01:04:57 INFO  Signing Inn with credentials
2021-11-26 01:05:00 INFO  SignedIn Sucessfull!!
2021-11-26 01:05:00 INFO  Browser Closed.
2021-11-26 01:05:00 INFO  Test Started
2021-11-26 01:05:00 INFO  Opening the browser
2021-11-26 01:05:03 INFO  Loading Website of Bigsmall.in
2021-11-26 01:05:03 INFO  Select Santa gift From navigation bar
2021-11-26 01:05:06 INFO  Result for Santa gift will be displayed
2021-11-26 01:05:10 INFO  Select the product
2021-11-26 01:05:10 INFO  Increment the quantity of product
2021-11-26 01:05:10 INFO  Quantity incremented from one to two
2021-11-26 01:05:10 INFO  Add this product to cart
2021-11-26 01:05:10 INFO  Product added to cart
2021-11-26 01:05:10 INFO  Test Started
2021-11-26 01:05:10 INFO  Opening the browser
2021-11-26 01:05:13 INFO  Loading Website of Bigsmall.in
2021-11-26 01:05:13 INFO  Hover mouse on Birthday gifts
2021-11-26 01:05:13 INFO  Getting Dropdown for Birthday Gifts for
2021-11-26 01:05:13 INFO  Select /'Return Birthday gift'/ from Suggested dropdown
2021-11-26 01:05:16 INFO  User will get results for /'Return Birthday gifts'/.
2021-11-26 01:05:16 INFO  Select the Gifting product
2021-11-26 01:05:20 INFO  Select variety of product
2021-11-26 01:05:20 INFO  Add selected product to cart
2021-11-26 01:05:21 INFO  Test Started
2021-11-26 01:05:21 INFO  Opening the browser
2021-11-26 01:05:23 INFO  Loading Website of Bigsmall.in
2021-11-26 01:05:23 INFO  Click New from Navigation bar
2021-11-26 01:05:26 INFO  Select the product
2021-11-26 01:05:29 INFO  On navigated Product details page
2021-11-26 01:05:29 INFO  Input the pincode for selected product
2021-11-26 01:05:29 INFO  Check the COD available for inputed pin code
2021-11-26 01:05:30 INFO  Check the COD available Message
2021-11-26 01:05:31 INFO  COD Available for inputed pin code
2021-11-26 01:05:32 INFO  Test Started
2021-11-26 01:05:32 INFO  Opening the browser
2021-11-26 01:05:35 INFO  Loading Website of Bigsmall.in
2021-11-26 01:05:35 INFO  Click New from Navigation bar
2021-11-26 01:05:37 INFO  Select the product
2021-11-26 01:05:40 INFO  On navigated Product details page
2021-11-26 01:05:40 INFO  Input the pincode for selected product
2021-11-26 01:05:41 INFO  Check the COD available for inputed pin code
2021-11-26 01:05:41 INFO  Check the COD available Message
2021-11-26 01:05:41 ERROR COD Unavailable for inputed pin code
2021-11-26 01:05:42 INFO  Test Started
2021-11-26 01:05:42 INFO  Opening the browser
2021-11-26 01:05:44 INFO  Loading Website of Bigsmall.in
2021-11-26 01:05:44 INFO  Click on 'All of it' from the navigation bar
2021-11-26 01:05:44 INFO  Handling Multiple Windows
2021-11-26 01:05:44 INFO  Select the Product from Search results
2021-11-26 01:05:48 INFO  Checking the functionality of logo, After clicking logo navigate to Home page
2021-11-26 01:05:48 INFO  Validating weather logo is visible or not
2021-11-26 01:05:48 INFO  Logo is Available on current page
2021-11-26 01:05:48 INFO  Click on Logo
2021-11-26 01:05:50 INFO  User navigated back to Homepage from Product Details page
2021-11-26 01:05:51 INFO  Test Started
2021-11-26 01:05:51 INFO  Opening the browser
2021-11-26 01:05:53 INFO  Loading Website of Bigsmall.in
2021-11-26 01:05:53 INFO  Select the gift from navigation bar.
2021-11-26 01:05:56 INFO  Popup will open for the gift card
2021-11-26 01:05:56 INFO  Select the amount for gift card
2021-11-26 01:05:57 INFO  Adding gift card to cart
2021-11-26 01:05:57 INFO  Test Started
2021-11-26 01:05:57 INFO  Opening the browser
2021-11-26 01:06:00 INFO  Loading Website of Bigsmall.in
2021-11-26 01:06:00 INFO  Select corporate gifts from navigation bar
2021-11-26 01:06:05 INFO  Form will Open for inquiry after navigation to Corporate Gifts
2021-11-26 01:06:05 INFO  Fill the form with respective fields
2021-11-26 01:06:05 INFO  Input Name
2021-11-26 01:06:05 INFO  Input email-id
2021-11-26 01:06:05 INFO  Input Phone number
2021-11-26 01:06:06 INFO  Input Message for inquiry
2021-11-26 01:06:06 INFO  Test Started
2021-11-26 01:06:06 INFO  Opening the browser
2021-11-26 01:06:10 INFO  Loading Website of Bigsmall.in
2021-11-26 01:06:10 INFO  Click on Top50 from navigation bar
2021-11-26 01:06:14 INFO  Choose the product from the result
2021-11-26 01:06:18 INFO  Add product to wishlist
2021-11-26 01:06:18 INFO  Product wishlisted
2021-11-26 01:06:18 INFO  Click on wishlist icon from header section
2021-11-26 01:06:22 INFO  Continue wishlist
2021-11-26 01:06:23 INFO  Move wishlisted product to cart
2021-11-26 01:06:23 INFO  Product wishlisted and moved to cart
2021-11-26 01:06:24 INFO  Browser Closed.
2021-11-26 01:11:16 INFO  Test Started
2021-11-26 01:11:16 INFO  Opening the browser
2021-11-26 01:11:16 INFO  Loading Website of Bigsmall.in
2021-11-26 01:11:21 INFO  Search for some product inputting keys from keyboard in search bar
2021-11-26 01:11:21 INFO  Inputting 'pocket wa' and getting keyword from dropdown suggestions
2021-11-26 01:11:23 INFO  Navigated to search result page
2021-11-26 01:11:23 INFO  Selecting the product from search result page
2021-11-26 01:11:24 INFO  Product Selected and Navigated to Product details page
2021-11-26 01:11:27 INFO  Product name matched
2021-11-26 01:11:28 INFO  Test Started
2021-11-26 01:11:28 INFO  Opening the browser
2021-11-26 01:11:30 INFO  Loading Website of Bigsmall.in
2021-11-26 01:11:30 INFO  Hover mouse on Birthday gifts
2021-11-26 01:11:31 INFO  Getting Dropdown for Birthday Gifts for
2021-11-26 01:11:31 INFO  Select /'Return Birthday gift'/ from Suggested dropdown
2021-11-26 01:11:34 INFO  User will get results for /'Return Birthday gifts'/.
2021-11-26 01:11:34 INFO  Select the Gifting product
2021-11-26 01:11:38 INFO  Select variety of product
2021-11-26 01:11:38 INFO  Add selected product to cart
2021-11-26 01:11:38 INFO  Test Started
2021-11-26 01:11:38 INFO  Opening the browser
2021-11-26 01:11:41 INFO  Loading Website of Bigsmall.in
2021-11-26 01:11:41 INFO  User Landed to Landing page
2021-11-26 01:11:41 INFO  Click on Signin Button from header
2021-11-26 01:11:43 INFO  Opening Signin Form
2021-11-26 01:11:43 INFO  Input email in username field
2021-11-26 01:11:44 INFO  Input password in password field
2021-11-26 01:11:44 INFO  Signing Inn with credentials
2021-11-26 01:11:47 INFO  SignedIn Sucessfull!!
2021-11-26 01:11:47 INFO  Browser Closed.
2021-11-26 01:11:47 INFO  Test Started
2021-11-26 01:11:47 INFO  Opening the browser
2021-11-26 01:11:50 INFO  Loading Website of Bigsmall.in
2021-11-26 01:11:50 INFO  Select Santa gift From navigation bar
2021-11-26 01:11:54 INFO  Result for Santa gift will be displayed
2021-11-26 01:11:57 INFO  Select the product
2021-11-26 01:11:57 INFO  Increment the quantity of product
2021-11-26 01:11:57 INFO  Quantity incremented from one to two
2021-11-26 01:11:57 INFO  Add this product to cart
2021-11-26 01:11:57 INFO  Product added to cart
2021-11-26 01:11:58 INFO  Test Started
2021-11-26 01:11:58 INFO  Opening the browser
2021-11-26 01:12:01 INFO  Loading Website of Bigsmall.in
2021-11-26 01:12:01 INFO  Click New from Navigation bar
2021-11-26 01:12:04 INFO  Select the product
2021-11-26 01:12:08 INFO  On navigated Product details page
2021-11-26 01:12:08 INFO  Input the pincode for selected product
2021-11-26 01:12:08 INFO  Check the COD available for inputed pin code
2021-11-26 01:12:08 INFO  Check the COD available Message
2021-11-26 01:12:10 INFO  COD Available for inputed pin code
2021-11-26 01:12:10 INFO  Test Started
2021-11-26 01:12:10 INFO  Opening the browser
2021-11-26 01:12:13 INFO  Loading Website of Bigsmall.in
2021-11-26 01:12:13 INFO  Click New from Navigation bar
2021-11-26 01:12:15 INFO  Select the product
2021-11-26 01:12:18 INFO  On navigated Product details page
2021-11-26 01:12:18 INFO  Input the pincode for selected product
2021-11-26 01:12:18 INFO  Check the COD available for inputed pin code
2021-11-26 01:12:18 INFO  Check the COD available Message
2021-11-26 01:12:19 ERROR COD Unavailable for inputed pin code
2021-11-26 01:12:19 INFO  Test Started
2021-11-26 01:12:19 INFO  Opening the browser
2021-11-26 01:12:22 INFO  Loading Website of Bigsmall.in
2021-11-26 01:12:22 INFO  Select the gift from navigation bar.
2021-11-26 01:12:25 INFO  Popup will open for the gift card
2021-11-26 01:12:25 INFO  Select the amount for gift card
2021-11-26 01:12:25 INFO  Adding gift card to cart
2021-11-26 01:12:26 INFO  Test Started
2021-11-26 01:12:26 INFO  Opening the browser
2021-11-26 01:12:29 INFO  Loading Website of Bigsmall.in
2021-11-26 01:12:29 INFO  Select corporate gifts from navigation bar
2021-11-26 01:12:34 INFO  Form will Open for inquiry after navigation to Corporate Gifts
2021-11-26 01:12:34 INFO  Fill the form with respective fields
2021-11-26 01:12:34 INFO  Input Name
2021-11-26 01:12:34 INFO  Input email-id
2021-11-26 01:12:34 INFO  Input Phone number
2021-11-26 01:12:35 INFO  Input Message for inquiry
2021-11-26 01:12:35 INFO  Test Started
2021-11-26 01:12:35 INFO  Opening the browser
2021-11-26 01:12:43 INFO  Loading Website of Bigsmall.in
2021-11-26 01:12:43 INFO  Click on Top50 from navigation bar
2021-11-26 01:12:47 INFO  Choose the product from the result
2021-11-26 01:12:50 INFO  Add product to wishlist
2021-11-26 01:12:51 INFO  Product wishlisted
2021-11-26 01:12:51 INFO  Click on wishlist icon from header section
2021-11-26 01:12:55 INFO  Continue wishlist
2021-11-26 01:12:55 INFO  Move wishlisted product to cart
2021-11-26 01:12:56 INFO  Product wishlisted and moved to cart
2021-11-26 01:12:56 INFO  Test Started
2021-11-26 01:12:56 INFO  Opening the browser
2021-11-26 01:12:59 INFO  Loading Website of Bigsmall.in
2021-11-26 01:12:59 INFO  Click on 'All of it' from the navigation bar
2021-11-26 01:12:59 INFO  Handling Multiple Windows
2021-11-26 01:12:59 INFO  Select the Product from Search results
2021-11-26 01:13:11 INFO  Browser Closed.
2021-11-26 01:15:57 INFO  Test Started
2021-11-26 01:15:57 INFO  Opening the browser
2021-11-26 01:15:57 INFO  Loading Website of Bigsmall.in
2021-11-26 01:16:02 INFO  Search for some product inputting keys from keyboard in search bar
2021-11-26 01:16:02 INFO  Inputting 'pocket wa' and getting keyword from dropdown suggestions
2021-11-26 01:16:04 INFO  Navigated to search result page
2021-11-26 01:16:05 INFO  Selecting the product from search result page
2021-11-26 01:16:05 INFO  Product Selected and Navigated to Product details page
2021-11-26 01:16:08 INFO  Product name matched
2021-11-26 01:16:09 INFO  Test Started
2021-11-26 01:16:09 INFO  Opening the browser
2021-11-26 01:16:12 INFO  Loading Website of Bigsmall.in
2021-11-26 01:16:12 INFO  Hover mouse on Birthday gifts
2021-11-26 01:16:13 INFO  Getting Dropdown for Birthday Gifts for
2021-11-26 01:16:13 INFO  Select /'Return Birthday gift'/ from Suggested dropdown
2021-11-26 01:16:16 INFO  User will get results for /'Return Birthday gifts'/.
2021-11-26 01:16:16 INFO  Select the Gifting product
2021-11-26 01:16:19 INFO  Select variety of product
2021-11-26 01:16:19 INFO  Add selected product to cart
2021-11-26 01:16:19 INFO  Test Started
2021-11-26 01:16:19 INFO  Opening the browser
2021-11-26 01:16:22 INFO  Loading Website of Bigsmall.in
2021-11-26 01:16:22 INFO  User Landed to Landing page
2021-11-26 01:16:22 INFO  Click on Signin Button from header
2021-11-26 01:16:24 INFO  Opening Signin Form
2021-11-26 01:16:24 INFO  Input email in username field
2021-11-26 01:16:24 INFO  Input password in password field
2021-11-26 01:16:25 INFO  Signing Inn with credentials
2021-11-26 01:16:29 INFO  SignedIn Sucessfull!!
2021-11-26 01:16:29 INFO  Browser Closed.
2021-11-26 01:16:29 INFO  Test Started
2021-11-26 01:16:29 INFO  Opening the browser
2021-11-26 01:16:33 INFO  Loading Website of Bigsmall.in
2021-11-26 01:16:33 INFO  Select Santa gift From navigation bar
2021-11-26 01:16:36 INFO  Result for Santa gift will be displayed
2021-11-26 01:16:39 INFO  Select the product
2021-11-26 01:16:39 INFO  Increment the quantity of product
2021-11-26 01:16:40 INFO  Quantity incremented from one to two
2021-11-26 01:16:40 INFO  Add this product to cart
2021-11-26 01:16:40 INFO  Product added to cart
2021-11-26 01:16:40 INFO  Test Started
2021-11-26 01:16:40 INFO  Opening the browser
2021-11-26 01:16:43 INFO  Loading Website of Bigsmall.in
2021-11-26 01:16:43 INFO  Click New from Navigation bar
2021-11-26 01:16:46 INFO  Select the product
2021-11-26 01:16:49 INFO  On navigated Product details page
2021-11-26 01:16:49 INFO  Input the pincode for selected product
2021-11-26 01:16:50 INFO  Check the COD available for inputed pin code
2021-11-26 01:16:50 INFO  Check the COD available Message
2021-11-26 01:16:52 INFO  COD Available for inputed pin code
2021-11-26 01:16:52 INFO  Test Started
2021-11-26 01:16:52 INFO  Opening the browser
2021-11-26 01:16:55 INFO  Loading Website of Bigsmall.in
2021-11-26 01:16:55 INFO  Click New from Navigation bar
2021-11-26 01:16:58 INFO  Select the product
2021-11-26 01:17:01 INFO  On navigated Product details page
2021-11-26 01:17:01 INFO  Input the pincode for selected product
2021-11-26 01:17:01 INFO  Check the COD available for inputed pin code
2021-11-26 01:17:02 INFO  Check the COD available Message
2021-11-26 01:17:02 ERROR COD Unavailable for inputed pin code
2021-11-26 01:17:02 INFO  Test Started
2021-11-26 01:17:02 INFO  Opening the browser
2021-11-26 01:17:05 INFO  Loading Website of Bigsmall.in
2021-11-26 01:17:05 INFO  Select the gift from navigation bar.
2021-11-26 01:17:08 INFO  Popup will open for the gift card
2021-11-26 01:17:08 INFO  Select the amount for gift card
2021-11-26 01:17:09 INFO  Adding gift card to cart
2021-11-26 01:17:10 INFO  Test Started
2021-11-26 01:17:10 INFO  Opening the browser
2021-11-26 01:17:13 INFO  Loading Website of Bigsmall.in
2021-11-26 01:17:13 INFO  Select corporate gifts from navigation bar
2021-11-26 01:17:17 INFO  Form will Open for inquiry after navigation to Corporate Gifts
2021-11-26 01:17:17 INFO  Fill the form with respective fields
2021-11-26 01:17:17 INFO  Input Name
2021-11-26 01:17:17 INFO  Input email-id
2021-11-26 01:17:17 INFO  Input Phone number
2021-11-26 01:17:18 INFO  Input Message for inquiry
2021-11-26 01:17:19 INFO  Test Started
2021-11-26 01:17:19 INFO  Opening the browser
2021-11-26 01:17:23 INFO  Loading Website of Bigsmall.in
2021-11-26 01:17:23 INFO  Click on Top50 from navigation bar
2021-11-26 01:17:26 INFO  Choose the product from the result
2021-11-26 01:17:30 INFO  Add product to wishlist
2021-11-26 01:17:31 INFO  Product wishlisted
2021-11-26 01:17:31 INFO  Click on wishlist icon from header section
2021-11-26 01:17:35 INFO  Continue wishlist
2021-11-26 01:17:35 INFO  Move wishlisted product to cart
2021-11-26 01:17:36 INFO  Product wishlisted and moved to cart
2021-11-26 01:17:36 INFO  Test Started
2021-11-26 01:17:36 INFO  Opening the browser
2021-11-26 01:17:39 INFO  Loading Website of Bigsmall.in
2021-11-26 01:17:39 INFO  Click on 'All of it' from the navigation bar
2021-11-26 01:17:39 INFO  Handling Multiple Windows
2021-11-26 01:17:39 INFO  Select the Product from Search results
2021-11-26 01:17:51 INFO  Browser Closed.
