2021-11-22 02:21:48,936  INFO [main] Baseclass:32 - driver initilaize
2021-11-22 02:21:50,616  INFO [main] Baseclass:39 - Click on sign in
2021-11-22 02:21:51,416  INFO [main] Baseclass:48 - ExcelSheet opened
2021-11-22 02:21:51,425  INFO [main] Baseclass:56 - Entering username
2021-11-22 02:21:54,645  INFO [main] Baseclass:67 - Login succssfully
2021-11-22 02:22:02,513  INFO [main] Baseclass:32 - driver initilaize
2021-11-22 02:22:07,706  INFO [main] Baseclass:30 - Click on All of it
2021-11-22 02:22:10,683  INFO [main] Baseclass:37 - Select product
2021-11-22 02:22:13,900  INFO [main] Baseclass:45 - Back to Home Page
2021-11-22 02:22:20,532  INFO [main] Baseclass:32 - driver initilaize
2021-11-22 02:22:27,093  INFO [main] Baseclass:34 - User enter data in search bar
2021-11-22 02:22:29,753  INFO [main] Baseclass:41 - Click on first product
2021-11-22 02:22:30,103  INFO [main] Baseclass:49 - Click to cart
2021-11-22 02:22:31,123  INFO [main] Baseclass:57 - Click to checkout
2021-11-22 02:22:31,516  INFO [main] Baseclass:64 - Click on whatsapp cut
2021-11-22 02:22:40,680  INFO [main] Baseclass:72 - User enter mail
2021-11-22 02:22:40,809  INFO [main] Baseclass:75 - User enter name
2021-11-22 02:22:40,937  INFO [main] Baseclass:78 - User enter lname
2021-11-22 02:22:41,116  INFO [main] Baseclass:81 - User enter add
2021-11-22 02:22:41,255  INFO [main] Baseclass:84 - User enter landmark
2021-11-22 02:22:42,116  INFO [main] Baseclass:90 - User enter pin
2021-11-22 02:22:42,280  INFO [main] Baseclass:93 - User enter phone
2021-11-22 02:22:46,631  INFO [main] Baseclass:101 - User hit submit
2021-11-22 02:22:53,986  INFO [main] Baseclass:32 - driver initilaize
2021-11-22 02:22:55,868  INFO [main] Baseclass:29 - Click gift card
2021-11-22 02:22:56,574  INFO [main] Baseclass:36 - Add money
2021-11-22 02:22:57,055  INFO [main] Baseclass:44 - Click add to bag
2021-11-22 02:23:04,008  INFO [main] Baseclass:32 - driver initilaize
2021-11-22 02:23:09,119  INFO [main] Baseclass:30 - Select Corporate Gifts
2021-11-22 02:23:09,251  INFO [main] Baseclass:37 - User enter name
2021-11-22 02:23:09,360  INFO [main] Baseclass:40 - User enter email
2021-11-22 02:23:09,477  INFO [main] Baseclass:43 - User enter phone
2021-11-22 02:23:09,619  INFO [main] Baseclass:46 - User enter enquiry
2021-11-22 02:23:10,035  INFO [main] Baseclass:55 - User hit submit
2021-11-22 02:23:17,350  INFO [main] Baseclass:32 - driver initilaize
2021-11-22 02:23:17,596  INFO [main] Baseclass:33 - Move mouse to hover dropdown
2021-11-22 02:23:20,720  INFO [main] Baseclass:40 - Click on hover third option
2021-11-22 02:23:23,652  INFO [main] Baseclass:47 - Click first product
2021-11-22 02:23:24,383  INFO [main] Baseclass:55 - Click add to bag
2021-11-22 02:23:31,539  INFO [main] Baseclass:32 - driver initilaize
2021-11-22 02:23:34,529  INFO [main] Baseclass:29 - Click on personalize gift
2021-11-22 02:23:43,221  INFO [main] Baseclass:36 - Click on first product
2021-11-22 02:23:43,854  INFO [main] Baseclass:44 - Verify the text
2021-11-22 02:23:54,742  INFO [main] Baseclass:32 - driver initilaize
2021-11-22 02:23:57,447  INFO [main] Baseclass:29 - Click on Home Decor
2021-11-22 02:24:00,020  INFO [main] Baseclass:36 - Click on product
2021-11-22 02:24:01,002  INFO [main] Baseclass:44 - Click on add to bag
2021-11-22 02:24:07,139  INFO [main] Baseclass:32 - driver initilaize
2021-11-22 02:24:09,749  INFO [main] Baseclass:30 - Select Latest of first product
2021-11-22 02:24:10,767  INFO [main] Baseclass:38 - Click on add to bag
2021-11-22 02:24:21,294  INFO [main] Baseclass:32 - driver initilaize
2021-11-22 02:24:23,679  INFO [main] Baseclass:29 - Click on whats new section
2021-11-22 02:24:27,142  INFO [main] Baseclass:36 - Click on first product
2021-11-22 02:24:28,250  INFO [main] Baseclass:50 - Click on add to bag
