2021-11-22 15:21:05,459  INFO [main] Baseclass:32 - driver initilaize
2021-11-22 15:21:09,656  INFO [main] Baseclass:39 - Click on sign in
2021-11-22 15:21:11,759  INFO [main] Baseclass:48 - ExcelSheet opened
2021-11-22 15:21:11,786  INFO [main] Baseclass:56 - Entering username
2021-11-22 15:21:16,882  INFO [main] Baseclass:67 - Login succssfully
2021-11-22 15:21:32,580  INFO [main] Baseclass:32 - driver initilaize
2021-11-22 15:21:39,951  INFO [main] Baseclass:30 - Click on All of it
2021-11-22 15:21:43,887  INFO [main] Baseclass:37 - Select product
2021-11-22 15:21:48,723  INFO [main] Baseclass:45 - Back to Home Page
2021-11-22 15:22:00,882  INFO [main] Baseclass:32 - driver initilaize
2021-11-22 15:22:09,041  INFO [main] Baseclass:34 - User enter data in search bar
2021-11-22 15:22:12,717  INFO [main] Baseclass:41 - Click on first product
2021-11-22 15:22:13,331  INFO [main] Baseclass:49 - Click to cart
2021-11-22 15:22:14,881  INFO [main] Baseclass:57 - Click to checkout
2021-11-22 15:22:15,137  INFO [main] Baseclass:64 - Click on whatsapp cut
2021-11-22 15:22:24,059  INFO [main] Baseclass:72 - User enter mail
2021-11-22 15:22:24,284  INFO [main] Baseclass:75 - User enter name
2021-11-22 15:22:24,510  INFO [main] Baseclass:78 - User enter lname
2021-11-22 15:22:24,757  INFO [main] Baseclass:81 - User enter add
2021-11-22 15:22:25,001  INFO [main] Baseclass:84 - User enter landmark
2021-11-22 15:22:26,726  INFO [main] Baseclass:90 - User enter pin
2021-11-22 15:22:27,033  INFO [main] Baseclass:93 - User enter phone
2021-11-22 15:22:31,772  INFO [main] Baseclass:101 - User hit submit
2021-11-22 15:22:42,999  INFO [main] Baseclass:32 - driver initilaize
2021-11-22 15:22:47,368  INFO [main] Baseclass:29 - Click gift card
2021-11-22 15:22:47,969  INFO [main] Baseclass:36 - Add money
2021-11-22 15:22:48,863  INFO [main] Baseclass:44 - Click add to bag
2021-11-22 15:23:00,396  INFO [main] Baseclass:32 - driver initilaize
2021-11-22 15:23:09,162  INFO [main] Baseclass:30 - Select Corporate Gifts
2021-11-22 15:23:09,398  INFO [main] Baseclass:37 - User enter name
2021-11-22 15:23:09,604  INFO [main] Baseclass:40 - User enter email
2021-11-22 15:23:09,794  INFO [main] Baseclass:43 - User enter phone
2021-11-22 15:23:10,071  INFO [main] Baseclass:46 - User enter enquiry
2021-11-22 15:23:14,657  INFO [main] Baseclass:55 - User hit submit
2021-11-22 15:23:26,831  INFO [main] Baseclass:32 - driver initilaize
2021-11-22 15:23:27,348  INFO [main] Baseclass:33 - Move mouse to hover dropdown
2021-11-22 15:23:32,646  INFO [main] Baseclass:40 - Click on hover third option
2021-11-22 15:23:37,266  INFO [main] Baseclass:47 - Click first product
2021-11-22 15:23:38,656  INFO [main] Baseclass:55 - Click add to bag
2021-11-22 15:23:50,620  INFO [main] Baseclass:32 - driver initilaize
2021-11-22 15:23:55,274  INFO [main] Baseclass:29 - Click on personalize gift
2021-11-22 15:24:04,216  INFO [main] Baseclass:36 - Click on first product
2021-11-22 15:24:05,773  INFO [main] Baseclass:44 - Verify the text
2021-11-22 15:24:17,048  INFO [main] Baseclass:32 - driver initilaize
2021-11-22 15:24:21,878  INFO [main] Baseclass:29 - Click on Home Decor
2021-11-22 15:24:26,344  INFO [main] Baseclass:36 - Click on product
2021-11-22 15:24:27,539  INFO [main] Baseclass:44 - Click on add to bag
2021-11-22 15:24:39,155  INFO [main] Baseclass:32 - driver initilaize
2021-11-22 15:24:43,956  INFO [main] Baseclass:30 - Select Latest of first product
2021-11-22 15:24:45,383  INFO [main] Baseclass:38 - Click on add to bag
2021-11-22 15:24:57,657  INFO [main] Baseclass:32 - driver initilaize
2021-11-22 15:25:02,697  INFO [main] Baseclass:29 - Click on whats new section
2021-11-22 15:25:07,617  INFO [main] Baseclass:36 - Click on first product
2021-11-22 15:25:09,456  INFO [main] Baseclass:50 - Click on add to bag
